<?xml version="1.0" encoding="UTF-8"?>
<testsuite name="co.nvqa.interview.ui_pom.NinjaPointTest" tests="1" skipped="0" failures="0" errors="0" timestamp="2023-07-07T04:10:25" hostname="rizaq-pratama-mbp.local" time="1.074">
  <properties/>
  <testcase name="testLogin()" classname="co.nvqa.interview.ui_pom.NinjaPointTest" time="1.074"/>
  <system-out><![CDATA[]]></system-out>
  <system-err><![CDATA[Starting ChromeDriver 114.0.5735.90 (386bc09e8f4f2e025eddae123f36f6263096ae49-refs/branch-heads/5735@{#1052}) on port 40843
Only local connections are allowed.
Please see https://chromedriver.chromium.org/security-considerations for suggestions on keeping ChromeDriver safe.
ChromeDriver was started successfully.
Jul 07, 2023 11:10:25 AM org.openqa.selenium.devtools.CdpVersionFinder findNearestMatch
WARNING: Unable to find an exact match for CDP version 114, so returning the closest version found: 111
]]></system-err>
</testsuite>
